17/09/2024,8:23:17 AM,0-180,,60101,Log File Created
17/09/2024,8:23:17 AM,0-180,,60104,Software Version,1.6.332.0
17/09/2024,8:23:17 AM,0-180,,60105,Console Version,8.4.244
17/09/2024,8:23:17 AM,0-180,,60106,Controller Version,88.081600
17/09/2024,8:23:17 AM,0-180,,60107,User Name,Instron
17/09/2024,8:23:17 AM,0-180,,60108,Computer Name,BONE-CRUSHER
17/09/2024,8:23:17 AM,0-180,,60109,System Name,
17/09/2024,8:23:17 AM,0-180,,60110,Frame Serial Number (System ID),E10KNBR9840
17/09/2024,8:24:34 AM,0-180,Test1,60110,Test Started
17/09/2024,8:25:01 AM,0-180,Test1,60200,Test Status,Test Ended Normally
17/09/2024,8:25:01 AM,0-180,Test1,60120,Total Time,26.52
17/09/2024,8:25:01 AM,0-180,Test1,60121,Total Cycle Count(Linear Waveform),0
17/09/2024,8:25:01 AM,0-180,Test1,60121,Total Cycle Count(Rotary Waveform),0
17/09/2024,8:25:01 AM,0-180,Test1,60112,Test Finished
17/09/2024,8:25:17 AM,0-180,Test2,60103,Closed
17/09/2024,8:27:37 AM,0-180,,60102,Opened
17/09/2024,8:27:37 AM,0-180,,60104,Software Version,1.6.332.0
17/09/2024,8:27:37 AM,0-180,,60105,Console Version,8.4.244
17/09/2024,8:27:37 AM,0-180,,60106,Controller Version,88.081600
17/09/2024,8:27:37 AM,0-180,,60107,User Name,Instron
17/09/2024,8:27:37 AM,0-180,,60108,Computer Name,BONE-CRUSHER
17/09/2024,8:27:37 AM,0-180,,60109,System Name,
17/09/2024,8:27:37 AM,0-180,,60110,Frame Serial Number (System ID),E10KNBR9840
