17/09/2024,2:17:24 PM,50N_Tension,,60101,Log File Created
17/09/2024,2:17:24 PM,50N_Tension,,60104,Software Version,1.6.332.0
17/09/2024,2:17:24 PM,50N_Tension,,60105,Console Version,8.4.244
17/09/2024,2:17:24 PM,50N_Tension,,60106,Controller Version,88.081600
17/09/2024,2:17:24 PM,50N_Tension,,60107,User Name,Instron
17/09/2024,2:17:24 PM,50N_Tension,,60108,Computer Name,BONE-CRUSHER
17/09/2024,2:17:24 PM,50N_Tension,,60109,System Name,
17/09/2024,2:17:24 PM,50N_Tension,,60110,Frame Serial Number (System ID),E10KNBR9840
17/09/2024,2:17:45 PM,50N_Tension,Test1,60110,Test Started
17/09/2024,2:17:59 PM,50N_Tension,Test1,60205,Test Status,Test Ended by User
17/09/2024,2:17:59 PM,50N_Tension,Test1,60120,Total Time,13.2
17/09/2024,2:17:59 PM,50N_Tension,Test1,60121,Total Cycle Count(Linear Waveform),0
17/09/2024,2:17:59 PM,50N_Tension,Test1,60121,Total Cycle Count(Rotary Waveform),0
17/09/2024,2:17:59 PM,50N_Tension,Test1,60122,Step,3,Step 3
17/09/2024,2:17:59 PM,50N_Tension,Test1,60112,Test Finished
17/09/2024,2:18:35 PM,50N_Tension,Test2,60103,Closed
17/09/2024,2:25:15 PM,50N_Tension,,60102,Opened
17/09/2024,2:25:15 PM,50N_Tension,,60104,Software Version,1.6.332.0
17/09/2024,2:25:15 PM,50N_Tension,,60105,Console Version,8.4.244
17/09/2024,2:25:15 PM,50N_Tension,,60106,Controller Version,88.081600
17/09/2024,2:25:16 PM,50N_Tension,,60107,User Name,Instron
17/09/2024,2:25:16 PM,50N_Tension,,60108,Computer Name,BONE-CRUSHER
17/09/2024,2:25:16 PM,50N_Tension,,60109,System Name,
17/09/2024,2:25:16 PM,50N_Tension,,60110,Frame Serial Number (System ID),E10KNBR9840
17/09/2024,2:25:43 PM,50N_Tension,Test2,60110,Test Started
17/09/2024,2:26:42 PM,50N_Tension,Test2,60200,Test Status,Test Ended Normally
17/09/2024,2:26:42 PM,50N_Tension,Test2,60120,Total Time,58.24
17/09/2024,2:26:42 PM,50N_Tension,Test2,60121,Total Cycle Count(Linear Waveform),0
17/09/2024,2:26:42 PM,50N_Tension,Test2,60121,Total Cycle Count(Rotary Waveform),0
17/09/2024,2:26:42 PM,50N_Tension,Test2,60112,Test Finished
17/09/2024,2:26:45 PM,50N_Tension,Test3,60103,Closed
